{"C:\\Programming\\netflix-clone\\netflix-clone\\netflix-clone\\movie-service\\src\\tokens.ts": {"path":"C:\\Programming\\netflix-clone\\netflix-clone\\netflix-clone\\movie-service\\src\\tokens.ts","statementMap":{"0":{"start":{"line":2,"column":13},"end":{"line":6,"column":5}}},"fnMap":{},"branchMap":{},"s":{"0":2},"f":{},"b":{}}
,"C:\\Programming\\netflix-clone\\netflix-clone\\netflix-clone\\movie-service\\src\\controllers\\genre.controller.ts": {"path":"C:\\Programming\\netflix-clone\\netflix-clone\\netflix-clone\\movie-service\\src\\controllers\\genre.controller.ts","statementMap":{"0":{"start":{"line":3,"column":0},"end":{"line":3,"column":47}},"1":{"start":{"line":4,"column":0},"end":{"line":4,"column":35}},"2":{"start":{"line":6,"column":0},"end":{"line":6,"column":60}},"3":{"start":{"line":9,"column":15},"end":{"line":75,"column":null}},"4":{"start":{"line":10,"column":51},"end":{"line":10,"column":76}},"5":{"start":{"line":14,"column":4},"end":{"line":19,"column":5}},"6":{"start":{"line":15,"column":21},"end":{"line":15,"column":58}},"7":{"start":{"line":16,"column":6},"end":{"line":16,"column":23}},"8":{"start":{"line":18,"column":6},"end":{"line":18,"column":30}},"9":{"start":{"line":24,"column":4},"end":{"line":29,"column":5}},"10":{"start":{"line":25,"column":21},"end":{"line":25,"column":60}},"11":{"start":{"line":26,"column":6},"end":{"line":26,"column":23}},"12":{"start":{"line":28,"column":6},"end":{"line":28,"column":30}},"13":{"start":{"line":34,"column":4},"end":{"line":39,"column":5}},"14":{"start":{"line":35,"column":21},"end":{"line":35,"column":57}},"15":{"start":{"line":36,"column":6},"end":{"line":36,"column":23}},"16":{"start":{"line":38,"column":6},"end":{"line":38,"column":30}},"17":{"start":{"line":44,"column":4},"end":{"line":73,"column":5}},"18":{"start":{"line":45,"column":22},"end":{"line":45,"column":48}},"19":{"start":{"line":46,"column":6},"end":{"line":49,"column":7}},"20":{"start":{"line":47,"column":8},"end":{"line":47,"column":60}},"21":{"start":{"line":48,"column":8},"end":{"line":48,"column":15}},"22":{"start":{"line":52,"column":25},"end":{"line":52,"column":74}},"23":{"start":{"line":53,"column":19},"end":{"line":53,"column":46}},"24":{"start":{"line":55,"column":19},"end":{"line":55,"column":85}},"25":{"start":{"line":57,"column":22},"end":{"line":61,"column":9}},"26":{"start":{"line":57,"column":47},"end":{"line":60,"column":null}},"27":{"start":{"line":63,"column":6},"end":{"line":70,"column":9}},"28":{"start":{"line":72,"column":6},"end":{"line":72,"column":30}},"29":{"start":{"line":9,"column":21},"end":{"line":75,"column":null}},"30":{"start":{"line":9,"column":21},"end":{"line":9,"column":null}}},"fnMap":{"0":{"name":"(anonymous_11)","decl":{"start":{"line":10,"column":2},"end":{"line":10,"column":15}},"loc":{"start":{"line":10,"column":76},"end":{"line":10,"column":80}}},"1":{"name":"(anonymous_12)","decl":{"start":{"line":13,"column":8},"end":{"line":13,"column":20}},"loc":{"start":{"line":13,"column":48},"end":{"line":20,"column":null}}},"2":{"name":"(anonymous_14)","decl":{"start":{"line":23,"column":8},"end":{"line":23,"column":22}},"loc":{"start":{"line":23,"column":50},"end":{"line":30,"column":null}}},"3":{"name":"(anonymous_16)","decl":{"start":{"line":33,"column":8},"end":{"line":33,"column":19}},"loc":{"start":{"line":33,"column":47},"end":{"line":40,"column":null}}},"4":{"name":"(anonymous_18)","decl":{"start":{"line":43,"column":8},"end":{"line":43,"column":25}},"loc":{"start":{"line":43,"column":53},"end":{"line":74,"column":null}}},"5":{"name":"(anonymous_20)","decl":{"start":{"line":57,"column":39},"end":{"line":57,"column":43}},"loc":{"start":{"line":57,"column":47},"end":{"line":60,"column":null}}}},"branchMap":{"0":{"loc":{"start":{"line":46,"column":6},"end":{"line":49,"column":7}},"type":"if","locations":[{"start":{"line":46,"column":6},"end":{"line":49,"column":7}}]},"1":{"loc":{"start":{"line":52,"column":25},"end":{"line":52,"column":74}},"type":"binary-expr","locations":[{"start":{"line":52,"column":25},"end":{"line":52,"column":63}},{"start":{"line":52,"column":67},"end":{"line":52,"column":74}}]},"2":{"loc":{"start":{"line":53,"column":19},"end":{"line":53,"column":46}},"type":"binary-expr","locations":[{"start":{"line":53,"column":19},"end":{"line":53,"column":41}},{"start":{"line":53,"column":45},"end":{"line":53,"column":46}}]}},"s":{"0":1,"1":1,"2":1,"3":1,"4":6,"5":1,"6":1,"7":1,"8":0,"9":1,"10":1,"11":1,"12":0,"13":1,"14":1,"15":1,"16":0,"17":3,"18":3,"19":3,"20":1,"21":1,"22":2,"23":2,"24":2,"25":2,"26":1,"27":2,"28":0,"29":1,"30":1},"f":{"0":6,"1":1,"2":1,"3":1,"4":3,"5":1},"b":{"0":[1],"1":[2,1],"2":[2,1]}}
,"C:\\Programming\\netflix-clone\\netflix-clone\\netflix-clone\\movie-service\\src\\controllers\\movie.controller.ts": {"path":"C:\\Programming\\netflix-clone\\netflix-clone\\netflix-clone\\movie-service\\src\\controllers\\movie.controller.ts","statementMap":{"0":{"start":{"line":3,"column":0},"end":{"line":3,"column":60}},"1":{"start":{"line":4,"column":0},"end":{"line":4,"column":47}},"2":{"start":{"line":6,"column":0},"end":{"line":6,"column":35}},"3":{"start":{"line":12,"column":15},"end":{"line":228,"column":null}},"4":{"start":{"line":13,"column":51},"end":{"line":13,"column":76}},"5":{"start":{"line":17,"column":4},"end":{"line":35,"column":5}},"6":{"start":{"line":18,"column":19},"end":{"line":18,"column":46}},"7":{"start":{"line":19,"column":19},"end":{"line":19,"column":64}},"8":{"start":{"line":21,"column":23},"end":{"line":22,"column":null}},"9":{"start":{"line":22,"column":34},"end":{"line":22,"column":81}},"10":{"start":{"line":25,"column":45},"end":{"line":30,"column":8}},"11":{"start":{"line":32,"column":6},"end":{"line":32,"column":25}},"12":{"start":{"line":34,"column":6},"end":{"line":34,"column":30}},"13":{"start":{"line":39,"column":4},"end":{"line":57,"column":5}},"14":{"start":{"line":40,"column":19},"end":{"line":40,"column":46}},"15":{"start":{"line":41,"column":19},"end":{"line":41,"column":65}},"16":{"start":{"line":43,"column":23},"end":{"line":44,"column":null}},"17":{"start":{"line":44,"column":34},"end":{"line":44,"column":81}},"18":{"start":{"line":47,"column":45},"end":{"line":52,"column":8}},"19":{"start":{"line":54,"column":6},"end":{"line":54,"column":25}},"20":{"start":{"line":56,"column":6},"end":{"line":56,"column":30}},"21":{"start":{"line":61,"column":4},"end":{"line":79,"column":5}},"22":{"start":{"line":62,"column":19},"end":{"line":62,"column":46}},"23":{"start":{"line":63,"column":19},"end":{"line":63,"column":65}},"24":{"start":{"line":65,"column":23},"end":{"line":66,"column":null}},"25":{"start":{"line":66,"column":34},"end":{"line":66,"column":81}},"26":{"start":{"line":69,"column":45},"end":{"line":74,"column":8}},"27":{"start":{"line":76,"column":6},"end":{"line":76,"column":25}},"28":{"start":{"line":78,"column":6},"end":{"line":78,"column":30}},"29":{"start":{"line":84,"column":4},"end":{"line":109,"column":5}},"30":{"start":{"line":85,"column":22},"end":{"line":85,"column":43}},"31":{"start":{"line":86,"column":6},"end":{"line":89,"column":7}},"32":{"start":{"line":87,"column":8},"end":{"line":87,"column":60}},"33":{"start":{"line":88,"column":8},"end":{"line":88,"column":15}},"34":{"start":{"line":91,"column":27},"end":{"line":91,"column":74}},"35":{"start":{"line":93,"column":37},"end":{"line":96,"column":8}},"36":{"start":{"line":98,"column":27},"end":{"line":103,"column":null}},"37":{"start":{"line":106,"column":6},"end":{"line":106,"column":32}},"38":{"start":{"line":108,"column":6},"end":{"line":108,"column":30}},"39":{"start":{"line":113,"column":4},"end":{"line":137,"column":5}},"40":{"start":{"line":114,"column":22},"end":{"line":114,"column":43}},"41":{"start":{"line":115,"column":6},"end":{"line":118,"column":7}},"42":{"start":{"line":116,"column":8},"end":{"line":116,"column":60}},"43":{"start":{"line":117,"column":8},"end":{"line":117,"column":15}},"44":{"start":{"line":120,"column":19},"end":{"line":120,"column":46}},"45":{"start":{"line":121,"column":19},"end":{"line":121,"column":73}},"46":{"start":{"line":123,"column":23},"end":{"line":124,"column":null}},"47":{"start":{"line":124,"column":34},"end":{"line":124,"column":81}},"48":{"start":{"line":127,"column":45},"end":{"line":132,"column":8}},"49":{"start":{"line":134,"column":6},"end":{"line":134,"column":25}},"50":{"start":{"line":136,"column":6},"end":{"line":136,"column":30}},"51":{"start":{"line":141,"column":4},"end":{"line":165,"column":5}},"52":{"start":{"line":142,"column":20},"end":{"line":142,"column":45}},"53":{"start":{"line":143,"column":6},"end":{"line":146,"column":7}},"54":{"start":{"line":144,"column":8},"end":{"line":144,"column":68}},"55":{"start":{"line":145,"column":8},"end":{"line":145,"column":15}},"56":{"start":{"line":148,"column":19},"end":{"line":148,"column":46}},"57":{"start":{"line":149,"column":19},"end":{"line":149,"column":67}},"58":{"start":{"line":151,"column":23},"end":{"line":152,"column":null}},"59":{"start":{"line":152,"column":34},"end":{"line":152,"column":81}},"60":{"start":{"line":155,"column":45},"end":{"line":160,"column":8}},"61":{"start":{"line":162,"column":6},"end":{"line":162,"column":25}},"62":{"start":{"line":164,"column":6},"end":{"line":164,"column":30}},"63":{"start":{"line":169,"column":4},"end":{"line":203,"column":5}},"64":{"start":{"line":170,"column":20},"end":{"line":170,"column":45}},"65":{"start":{"line":171,"column":6},"end":{"line":174,"column":7}},"66":{"start":{"line":172,"column":8},"end":{"line":172,"column":68}},"67":{"start":{"line":173,"column":8},"end":{"line":173,"column":15}},"68":{"start":{"line":176,"column":19},"end":{"line":176,"column":46}},"69":{"start":{"line":177,"column":19},"end":{"line":177,"column":66}},"70":{"start":{"line":179,"column":30},"end":{"line":188,"column":10}},"71":{"start":{"line":180,"column":31},"end":{"line":180,"column":86}},"72":{"start":{"line":181,"column":33},"end":{"line":188,"column":10}},"73":{"start":{"line":182,"column":10},"end":{"line":186,"column":11}},"74":{"start":{"line":183,"column":12},"end":{"line":183,"column":77}},"75":{"start":{"line":184,"column":17},"end":{"line":186,"column":11}},"76":{"start":{"line":185,"column":12},"end":{"line":185,"column":74}},"77":{"start":{"line":187,"column":10},"end":{"line":187,"column":27}},"78":{"start":{"line":190,"column":29},"end":{"line":190,"column":63}},"79":{"start":{"line":191,"column":23},"end":{"line":191,"column":105}},"80":{"start":{"line":191,"column":83},"end":{"line":191,"column":104}},"81":{"start":{"line":193,"column":45},"end":{"line":198,"column":8}},"82":{"start":{"line":200,"column":6},"end":{"line":200,"column":25}},"83":{"start":{"line":202,"column":6},"end":{"line":202,"column":30}},"84":{"start":{"line":208,"column":20},"end":{"line":209,"column":null}},"85":{"start":{"line":209,"column":49},"end":{"line":209,"column":101}},"86":{"start":{"line":211,"column":4},"end":{"line":211,"column":77}},"87":{"start":{"line":215,"column":27},"end":{"line":216,"column":null}},"88":{"start":{"line":216,"column":42},"end":{"line":216,"column":75}},"89":{"start":{"line":219,"column":4},"end":{"line":224,"column":5}},"90":{"start":{"line":220,"column":32},"end":{"line":222,"column":42}},"91":{"start":{"line":221,"column":39},"end":{"line":221,"column":57}},"92":{"start":{"line":223,"column":6},"end":{"line":223,"column":53}},"93":{"start":{"line":226,"column":4},"end":{"line":226,"column":16}},"94":{"start":{"line":12,"column":21},"end":{"line":228,"column":null}},"95":{"start":{"line":12,"column":21},"end":{"line":12,"column":null}}},"fnMap":{"0":{"name":"(anonymous_11)","decl":{"start":{"line":13,"column":2},"end":{"line":13,"column":15}},"loc":{"start":{"line":13,"column":76},"end":{"line":13,"column":80}}},"1":{"name":"(anonymous_12)","decl":{"start":{"line":16,"column":8},"end":{"line":16,"column":24}},"loc":{"start":{"line":16,"column":52},"end":{"line":36,"column":null}}},"2":{"name":"(anonymous_14)","decl":{"start":{"line":22,"column":25},"end":{"line":22,"column":30}},"loc":{"start":{"line":22,"column":34},"end":{"line":22,"column":81}}},"3":{"name":"(anonymous_15)","decl":{"start":{"line":38,"column":8},"end":{"line":38,"column":25}},"loc":{"start":{"line":38,"column":53},"end":{"line":58,"column":null}}},"4":{"name":"(anonymous_17)","decl":{"start":{"line":44,"column":25},"end":{"line":44,"column":30}},"loc":{"start":{"line":44,"column":34},"end":{"line":44,"column":81}}},"5":{"name":"(anonymous_18)","decl":{"start":{"line":60,"column":8},"end":{"line":60,"column":25}},"loc":{"start":{"line":60,"column":53},"end":{"line":80,"column":null}}},"6":{"name":"(anonymous_20)","decl":{"start":{"line":66,"column":25},"end":{"line":66,"column":30}},"loc":{"start":{"line":66,"column":34},"end":{"line":66,"column":81}}},"7":{"name":"(anonymous_21)","decl":{"start":{"line":83,"column":8},"end":{"line":83,"column":23}},"loc":{"start":{"line":83,"column":51},"end":{"line":110,"column":null}}},"8":{"name":"(anonymous_23)","decl":{"start":{"line":112,"column":8},"end":{"line":112,"column":24}},"loc":{"start":{"line":112,"column":52},"end":{"line":138,"column":null}}},"9":{"name":"(anonymous_25)","decl":{"start":{"line":124,"column":25},"end":{"line":124,"column":30}},"loc":{"start":{"line":124,"column":34},"end":{"line":124,"column":81}}},"10":{"name":"(anonymous_26)","decl":{"start":{"line":140,"column":8},"end":{"line":140,"column":20}},"loc":{"start":{"line":140,"column":48},"end":{"line":166,"column":null}}},"11":{"name":"(anonymous_28)","decl":{"start":{"line":152,"column":25},"end":{"line":152,"column":30}},"loc":{"start":{"line":152,"column":34},"end":{"line":152,"column":81}}},"12":{"name":"(anonymous_29)","decl":{"start":{"line":168,"column":8},"end":{"line":168,"column":19}},"loc":{"start":{"line":168,"column":47},"end":{"line":204,"column":null}}},"13":{"name":"(anonymous_31)","decl":{"start":{"line":180,"column":16},"end":{"line":180,"column":17}},"loc":{"start":{"line":180,"column":31},"end":{"line":180,"column":86}}},"14":{"name":"(anonymous_32)","decl":{"start":{"line":181,"column":13},"end":{"line":181,"column":20}},"loc":{"start":{"line":181,"column":33},"end":{"line":188,"column":10}}},"15":{"name":"(anonymous_33)","decl":{"start":{"line":181,"column":33},"end":{"line":181,"column":null}},"loc":{"start":{"line":181,"column":33},"end":{"line":188,"column":9}}},"16":{"name":"(anonymous_34)","decl":{"start":{"line":191,"column":45},"end":{"line":191,"column":46}},"loc":{"start":{"line":191,"column":83},"end":{"line":191,"column":104}}},"17":{"name":"(anonymous_35)","decl":{"start":{"line":207,"column":10},"end":{"line":207,"column":27}},"loc":{"start":{"line":207,"column":49},"end":{"line":212,"column":3}}},"18":{"name":"(anonymous_36)","decl":{"start":{"line":209,"column":6},"end":{"line":209,"column":7}},"loc":{"start":{"line":209,"column":49},"end":{"line":209,"column":101}}},"19":{"name":"(anonymous_37)","decl":{"start":{"line":214,"column":10},"end":{"line":214,"column":31}},"loc":{"start":{"line":214,"column":101},"end":{"line":227,"column":3}}},"20":{"name":"(anonymous_38)","decl":{"start":{"line":216,"column":6},"end":{"line":216,"column":7}},"loc":{"start":{"line":216,"column":42},"end":{"line":216,"column":75}}},"21":{"name":"(anonymous_39)","decl":{"start":{"line":221,"column":8},"end":{"line":221,"column":9}},"loc":{"start":{"line":221,"column":39},"end":{"line":221,"column":57}}}},"branchMap":{"0":{"loc":{"start":{"line":18,"column":19},"end":{"line":18,"column":46}},"type":"binary-expr","locations":[{"start":{"line":18,"column":19},"end":{"line":18,"column":41}},{"start":{"line":18,"column":45},"end":{"line":18,"column":46}}]},"1":{"loc":{"start":{"line":40,"column":19},"end":{"line":40,"column":46}},"type":"binary-expr","locations":[{"start":{"line":40,"column":19},"end":{"line":40,"column":41}},{"start":{"line":40,"column":45},"end":{"line":40,"column":46}}]},"2":{"loc":{"start":{"line":62,"column":19},"end":{"line":62,"column":46}},"type":"binary-expr","locations":[{"start":{"line":62,"column":19},"end":{"line":62,"column":41}},{"start":{"line":62,"column":45},"end":{"line":62,"column":46}}]},"3":{"loc":{"start":{"line":86,"column":6},"end":{"line":89,"column":7}},"type":"if","locations":[{"start":{"line":86,"column":6},"end":{"line":89,"column":7}}]},"4":{"loc":{"start":{"line":115,"column":6},"end":{"line":118,"column":7}},"type":"if","locations":[{"start":{"line":115,"column":6},"end":{"line":118,"column":7}}]},"5":{"loc":{"start":{"line":120,"column":19},"end":{"line":120,"column":46}},"type":"binary-expr","locations":[{"start":{"line":120,"column":19},"end":{"line":120,"column":41}},{"start":{"line":120,"column":45},"end":{"line":120,"column":46}}]},"6":{"loc":{"start":{"line":143,"column":6},"end":{"line":146,"column":7}},"type":"if","locations":[{"start":{"line":143,"column":6},"end":{"line":146,"column":7}}]},"7":{"loc":{"start":{"line":148,"column":19},"end":{"line":148,"column":46}},"type":"binary-expr","locations":[{"start":{"line":148,"column":19},"end":{"line":148,"column":41}},{"start":{"line":148,"column":45},"end":{"line":148,"column":46}}]},"8":{"loc":{"start":{"line":171,"column":6},"end":{"line":174,"column":7}},"type":"if","locations":[{"start":{"line":171,"column":6},"end":{"line":174,"column":7}}]},"9":{"loc":{"start":{"line":176,"column":19},"end":{"line":176,"column":46}},"type":"binary-expr","locations":[{"start":{"line":176,"column":19},"end":{"line":176,"column":41}},{"start":{"line":176,"column":45},"end":{"line":176,"column":46}}]},"10":{"loc":{"start":{"line":180,"column":31},"end":{"line":180,"column":86}},"type":"binary-expr","locations":[{"start":{"line":180,"column":31},"end":{"line":180,"column":58}},{"start":{"line":180,"column":62},"end":{"line":180,"column":86}}]},"11":{"loc":{"start":{"line":182,"column":10},"end":{"line":186,"column":11}},"type":"if","locations":[{"start":{"line":182,"column":10},"end":{"line":186,"column":11}},{"start":{"line":184,"column":17},"end":{"line":186,"column":11}}]},"12":{"loc":{"start":{"line":184,"column":17},"end":{"line":186,"column":11}},"type":"if","locations":[{"start":{"line":184,"column":17},"end":{"line":186,"column":11}}]},"13":{"loc":{"start":{"line":209,"column":49},"end":{"line":209,"column":101}},"type":"binary-expr","locations":[{"start":{"line":209,"column":49},"end":{"line":209,"column":73}},{"start":{"line":209,"column":77},"end":{"line":209,"column":101}}]},"14":{"loc":{"start":{"line":211,"column":11},"end":{"line":211,"column":76}},"type":"cond-expr","locations":[{"start":{"line":211,"column":21},"end":{"line":211,"column":69}},{"start":{"line":211,"column":72},"end":{"line":211,"column":76}}]},"15":{"loc":{"start":{"line":214,"column":75},"end":{"line":214,"column":101}},"type":"default-arg","locations":[{"start":{"line":214,"column":97},"end":{"line":214,"column":101}}]},"16":{"loc":{"start":{"line":219,"column":4},"end":{"line":224,"column":5}},"type":"if","locations":[{"start":{"line":219,"column":4},"end":{"line":224,"column":5}}]},"17":{"loc":{"start":{"line":219,"column":8},"end":{"line":219,"column":65}},"type":"binary-expr","locations":[{"start":{"line":219,"column":8},"end":{"line":219,"column":22}},{"start":{"line":219,"column":26},"end":{"line":219,"column":65}}]},"18":{"loc":{"start":{"line":220,"column":32},"end":{"line":222,"column":42}},"type":"binary-expr","locations":[{"start":{"line":220,"column":32},"end":{"line":221,"column":null}},{"start":{"line":222,"column":11},"end":{"line":222,"column":42}}]},"19":{"loc":{"start":{"line":223,"column":13},"end":{"line":223,"column":52}},"type":"binary-expr","locations":[{"start":{"line":223,"column":13},"end":{"line":223,"column":44}},{"start":{"line":223,"column":48},"end":{"line":223,"column":52}}]}},"s":{"0":1,"1":1,"2":1,"3":1,"4":7,"5":2,"6":2,"7":2,"8":2,"9":1,"10":2,"11":2,"12":0,"13":0,"14":0,"15":0,"16":0,"17":0,"18":0,"19":0,"20":0,"21":0,"22":0,"23":0,"24":0,"25":0,"26":0,"27":0,"28":0,"29":2,"30":2,"31":2,"32":1,"33":1,"34":1,"35":1,"36":1,"37":1,"38":0,"39":0,"40":0,"41":0,"42":0,"43":0,"44":0,"45":0,"46":0,"47":0,"48":0,"49":0,"50":0,"51":2,"52":2,"53":2,"54":1,"55":1,"56":1,"57":1,"58":1,"59":1,"60":1,"61":1,"62":0,"63":1,"64":1,"65":1,"66":0,"67":0,"68":1,"69":1,"70":1,"71":3,"72":2,"73":2,"74":1,"75":1,"76":1,"77":0,"78":1,"79":1,"80":2,"81":1,"82":1,"83":0,"84":1,"85":1,"86":1,"87":1,"88":1,"89":1,"90":1,"91":1,"92":1,"93":0,"94":1,"95":1},"f":{"0":7,"1":2,"2":1,"3":0,"4":0,"5":0,"6":0,"7":2,"8":0,"9":0,"10":2,"11":1,"12":1,"13":3,"14":2,"15":2,"16":2,"17":1,"18":1,"19":1,"20":1,"21":1},"b":{"0":[2,1],"1":[0,0],"2":[0,0],"3":[1],"4":[0],"5":[0,0],"6":[1],"7":[1,0],"8":[0],"9":[1,1],"10":[3,2],"11":[1,1],"12":[1],"13":[1,1],"14":[1,0],"15":[1],"16":[1],"17":[1,1],"18":[1,0],"19":[1,0]}}
,"C:\\Programming\\netflix-clone\\netflix-clone\\netflix-clone\\movie-service\\src\\services\\tmdb.service.ts": {"path":"C:\\Programming\\netflix-clone\\netflix-clone\\netflix-clone\\movie-service\\src\\services\\tmdb.service.ts","statementMap":{"0":{"start":{"line":2,"column":0},"end":{"line":2,"column":26}},"1":{"start":{"line":3,"column":0},"end":{"line":3,"column":28}},"2":{"start":{"line":4,"column":0},"end":{"line":4,"column":39}},"3":{"start":{"line":17,"column":0},"end":{"line":17,"column":62}},"4":{"start":{"line":18,"column":0},"end":{"line":18,"column":20}},"5":{"start":{"line":19,"column":0},"end":{"line":19,"column":29}},"6":{"start":{"line":22,"column":0},"end":{"line":22,"column":16}},"7":{"start":{"line":24,"column":22},"end":{"line":24,"column":47}},"8":{"start":{"line":25,"column":21},"end":{"line":25,"column":45}},"9":{"start":{"line":28,"column":7},"end":{"line":342,"column":null}},"10":{"start":{"line":33,"column":4},"end":{"line":35,"column":5}},"11":{"start":{"line":34,"column":6},"end":{"line":34,"column":49}},"12":{"start":{"line":37,"column":4},"end":{"line":37,"column":66}},"13":{"start":{"line":38,"column":4},"end":{"line":38,"column":31}},"14":{"start":{"line":41,"column":31},"end":{"line":57,"column":null}},"15":{"start":{"line":42,"column":4},"end":{"line":56,"column":5}},"16":{"start":{"line":43,"column":23},"end":{"line":48,"column":8}},"17":{"start":{"line":49,"column":6},"end":{"line":49,"column":27}},"18":{"start":{"line":51,"column":6},"end":{"line":54,"column":7}},"19":{"start":{"line":52,"column":8},"end":{"line":52,"column":80}},"20":{"start":{"line":53,"column":8},"end":{"line":53,"column":60}},"21":{"start":{"line":55,"column":6},"end":{"line":55,"column":18}},"22":{"start":{"line":60,"column":25},"end":{"line":64,"column":null}},"23":{"start":{"line":61,"column":4},"end":{"line":63,"column":6}},"24":{"start":{"line":62,"column":6},"end":{"line":62,"column":65}},"25":{"start":{"line":66,"column":26},"end":{"line":70,"column":null}},"26":{"start":{"line":67,"column":4},"end":{"line":69,"column":6}},"27":{"start":{"line":68,"column":6},"end":{"line":68,"column":67}},"28":{"start":{"line":72,"column":26},"end":{"line":76,"column":null}},"29":{"start":{"line":73,"column":4},"end":{"line":75,"column":6}},"30":{"start":{"line":74,"column":6},"end":{"line":74,"column":66}},"31":{"start":{"line":79,"column":4},"end":{"line":81,"column":6}},"32":{"start":{"line":80,"column":6},"end":{"line":80,"column":57}},"33":{"start":{"line":84,"column":21},"end":{"line":88,"column":null}},"34":{"start":{"line":85,"column":4},"end":{"line":87,"column":6}},"35":{"start":{"line":86,"column":6},"end":{"line":86,"column":71}},"36":{"start":{"line":90,"column":25},"end":{"line":94,"column":null}},"37":{"start":{"line":91,"column":4},"end":{"line":93,"column":6}},"38":{"start":{"line":92,"column":6},"end":{"line":92,"column":76}},"39":{"start":{"line":97,"column":26},"end":{"line":101,"column":null}},"40":{"start":{"line":98,"column":4},"end":{"line":100,"column":6}},"41":{"start":{"line":99,"column":6},"end":{"line":99,"column":62}},"42":{"start":{"line":103,"column":27},"end":{"line":107,"column":null}},"43":{"start":{"line":104,"column":4},"end":{"line":106,"column":6}},"44":{"start":{"line":105,"column":6},"end":{"line":105,"column":64}},"45":{"start":{"line":110,"column":4},"end":{"line":112,"column":6}},"46":{"start":{"line":111,"column":6},"end":{"line":111,"column":42}},"47":{"start":{"line":117,"column":4},"end":{"line":119,"column":6}},"48":{"start":{"line":118,"column":6},"end":{"line":118,"column":62}},"49":{"start":{"line":123,"column":4},"end":{"line":125,"column":6}},"50":{"start":{"line":124,"column":6},"end":{"line":124,"column":59}},"51":{"start":{"line":129,"column":36},"end":{"line":132,"column":6}},"52":{"start":{"line":134,"column":19},"end":{"line":137,"column":6}},"53":{"start":{"line":135,"column":41},"end":{"line":135,"column":84}},"54":{"start":{"line":136,"column":38},"end":{"line":136,"column":78}},"55":{"start":{"line":139,"column":4},"end":{"line":139,"column":22}},"56":{"start":{"line":142,"column":26},"end":{"line":149,"column":null}},"57":{"start":{"line":143,"column":4},"end":{"line":148,"column":6}},"58":{"start":{"line":144,"column":6},"end":{"line":147,"column":8}},"59":{"start":{"line":152,"column":20},"end":{"line":156,"column":null}},"60":{"start":{"line":153,"column":4},"end":{"line":155,"column":6}},"61":{"start":{"line":154,"column":6},"end":{"line":154,"column":148}},"62":{"start":{"line":160,"column":4},"end":{"line":162,"column":6}},"63":{"start":{"line":161,"column":6},"end":{"line":161,"column":65}},"64":{"start":{"line":166,"column":4},"end":{"line":168,"column":6}},"65":{"start":{"line":167,"column":6},"end":{"line":167,"column":59}},"66":{"start":{"line":172,"column":4},"end":{"line":174,"column":6}},"67":{"start":{"line":173,"column":6},"end":{"line":173,"column":84}},"68":{"start":{"line":178,"column":4},"end":{"line":180,"column":6}},"69":{"start":{"line":179,"column":6},"end":{"line":179,"column":77}},"70":{"start":{"line":185,"column":20},"end":{"line":186,"column":null}},"71":{"start":{"line":186,"column":62},"end":{"line":186,"column":114}},"72":{"start":{"line":188,"column":4},"end":{"line":188,"column":77}},"73":{"start":{"line":191,"column":27},"end":{"line":193,"column":null}},"74":{"start":{"line":193,"column":8},"end":{"line":193,"column":41}},"75":{"start":{"line":196,"column":4},"end":{"line":201,"column":5}},"76":{"start":{"line":197,"column":32},"end":{"line":199,"column":42}},"77":{"start":{"line":198,"column":62},"end":{"line":198,"column":80}},"78":{"start":{"line":200,"column":6},"end":{"line":200,"column":53}},"79":{"start":{"line":203,"column":4},"end":{"line":203,"column":16}},"80":{"start":{"line":207,"column":26},"end":{"line":208,"column":null}},"81":{"start":{"line":208,"column":58},"end":{"line":208,"column":91}},"82":{"start":{"line":210,"column":4},"end":{"line":210,"column":55}},"83":{"start":{"line":214,"column":22},"end":{"line":216,"column":32}},"84":{"start":{"line":218,"column":4},"end":{"line":220,"column":60}},"85":{"start":{"line":219,"column":17},"end":{"line":219,"column":71}},"86":{"start":{"line":219,"column":48},"end":{"line":219,"column":63}},"87":{"start":{"line":220,"column":40},"end":{"line":220,"column":58}},"88":{"start":{"line":225,"column":35},"end":{"line":228,"column":6}},"89":{"start":{"line":230,"column":23},"end":{"line":234,"column":12}},"90":{"start":{"line":231,"column":34},"end":{"line":231,"column":44}},"91":{"start":{"line":236,"column":4},"end":{"line":247,"column":6}},"92":{"start":{"line":251,"column":35},"end":{"line":254,"column":6}},"93":{"start":{"line":256,"column":23},"end":{"line":258,"column":10}},"94":{"start":{"line":261,"column":25},"end":{"line":261,"column":61}},"95":{"start":{"line":263,"column":4},"end":{"line":274,"column":6}},"96":{"start":{"line":278,"column":37},"end":{"line":281,"column":6}},"97":{"start":{"line":283,"column":23},"end":{"line":287,"column":12}},"98":{"start":{"line":284,"column":42},"end":{"line":284,"column":52}},"99":{"start":{"line":289,"column":4},"end":{"line":300,"column":6}},"100":{"start":{"line":304,"column":48},"end":{"line":308,"column":6}},"101":{"start":{"line":310,"column":23},"end":{"line":312,"column":10}},"102":{"start":{"line":314,"column":4},"end":{"line":325,"column":6}},"103":{"start":{"line":330,"column":4},"end":{"line":335,"column":9}},"104":{"start":{"line":333,"column":21},"end":{"line":333,"column":65}},"105":{"start":{"line":334,"column":8},"end":{"line":334,"column":20}},"106":{"start":{"line":339,"column":4},"end":{"line":339,"column":27}},"107":{"start":{"line":339,"column":15},"end":{"line":339,"column":27}},"108":{"start":{"line":340,"column":4},"end":{"line":340,"column":55}},"109":{"start":{"line":28,"column":13},"end":{"line":28,"column":24}},"110":{"start":{"line":28,"column":13},"end":{"line":342,"column":null}}},"fnMap":{"0":{"name":"(anonymous_10)","decl":{"start":{"line":32,"column":2},"end":{"line":32,"column":null}},"loc":{"start":{"line":32,"column":2},"end":{"line":39,"column":3}}},"1":{"name":"(anonymous_11)","decl":{"start":{"line":41,"column":16},"end":{"line":41,"column":27}},"loc":{"start":{"line":41,"column":27},"end":{"line":57,"column":null}}},"2":{"name":"(anonymous_12)","decl":{"start":{"line":41,"column":31},"end":{"line":41,"column":47}},"loc":{"start":{"line":41,"column":81},"end":{"line":57,"column":3}}},"3":{"name":"(anonymous_13)","decl":{"start":{"line":60,"column":8},"end":{"line":60,"column":24}},"loc":{"start":{"line":60,"column":24},"end":{"line":64,"column":null}}},"4":{"name":"(anonymous_14)","decl":{"start":{"line":60,"column":25},"end":{"line":60,"column":40}},"loc":{"start":{"line":60,"column":41},"end":{"line":64,"column":3}}},"5":{"name":"(anonymous_15)","decl":{"start":{"line":61,"column":74},"end":{"line":61,"column":77}},"loc":{"start":{"line":62,"column":6},"end":{"line":62,"column":65}}},"6":{"name":"(anonymous_16)","decl":{"start":{"line":66,"column":8},"end":{"line":66,"column":25}},"loc":{"start":{"line":66,"column":25},"end":{"line":70,"column":null}}},"7":{"name":"(anonymous_17)","decl":{"start":{"line":66,"column":26},"end":{"line":66,"column":41}},"loc":{"start":{"line":66,"column":42},"end":{"line":70,"column":3}}},"8":{"name":"(anonymous_18)","decl":{"start":{"line":67,"column":75},"end":{"line":67,"column":78}},"loc":{"start":{"line":68,"column":6},"end":{"line":68,"column":67}}},"9":{"name":"(anonymous_19)","decl":{"start":{"line":72,"column":8},"end":{"line":72,"column":25}},"loc":{"start":{"line":72,"column":25},"end":{"line":76,"column":null}}},"10":{"name":"(anonymous_20)","decl":{"start":{"line":72,"column":26},"end":{"line":72,"column":41}},"loc":{"start":{"line":72,"column":42},"end":{"line":76,"column":3}}},"11":{"name":"(anonymous_21)","decl":{"start":{"line":73,"column":75},"end":{"line":73,"column":78}},"loc":{"start":{"line":74,"column":6},"end":{"line":74,"column":66}}},"12":{"name":"(anonymous_22)","decl":{"start":{"line":78,"column":8},"end":{"line":78,"column":23}},"loc":{"start":{"line":78,"column":39},"end":{"line":82,"column":null}}},"13":{"name":"(anonymous_24)","decl":{"start":{"line":79,"column":76},"end":{"line":79,"column":79}},"loc":{"start":{"line":80,"column":6},"end":{"line":80,"column":57}}},"14":{"name":"(anonymous_25)","decl":{"start":{"line":84,"column":8},"end":{"line":84,"column":20}},"loc":{"start":{"line":84,"column":20},"end":{"line":88,"column":null}}},"15":{"name":"(anonymous_26)","decl":{"start":{"line":84,"column":21},"end":{"line":84,"column":34}},"loc":{"start":{"line":84,"column":52},"end":{"line":88,"column":3}}},"16":{"name":"(anonymous_27)","decl":{"start":{"line":85,"column":82},"end":{"line":85,"column":85}},"loc":{"start":{"line":86,"column":6},"end":{"line":86,"column":71}}},"17":{"name":"(anonymous_28)","decl":{"start":{"line":90,"column":8},"end":{"line":90,"column":24}},"loc":{"start":{"line":90,"column":24},"end":{"line":94,"column":null}}},"18":{"name":"(anonymous_29)","decl":{"start":{"line":90,"column":25},"end":{"line":90,"column":40}},"loc":{"start":{"line":90,"column":58},"end":{"line":94,"column":3}}},"19":{"name":"(anonymous_30)","decl":{"start":{"line":91,"column":89},"end":{"line":91,"column":92}},"loc":{"start":{"line":92,"column":6},"end":{"line":92,"column":76}}},"20":{"name":"(anonymous_31)","decl":{"start":{"line":97,"column":8},"end":{"line":97,"column":25}},"loc":{"start":{"line":97,"column":25},"end":{"line":101,"column":null}}},"21":{"name":"(anonymous_32)","decl":{"start":{"line":97,"column":26},"end":{"line":97,"column":41}},"loc":{"start":{"line":97,"column":42},"end":{"line":101,"column":3}}},"22":{"name":"(anonymous_33)","decl":{"start":{"line":98,"column":75},"end":{"line":98,"column":78}},"loc":{"start":{"line":99,"column":6},"end":{"line":99,"column":62}}},"23":{"name":"(anonymous_34)","decl":{"start":{"line":103,"column":8},"end":{"line":103,"column":26}},"loc":{"start":{"line":103,"column":26},"end":{"line":107,"column":null}}},"24":{"name":"(anonymous_35)","decl":{"start":{"line":103,"column":27},"end":{"line":103,"column":42}},"loc":{"start":{"line":103,"column":43},"end":{"line":107,"column":3}}},"25":{"name":"(anonymous_36)","decl":{"start":{"line":104,"column":76},"end":{"line":104,"column":79}},"loc":{"start":{"line":105,"column":6},"end":{"line":105,"column":64}}},"26":{"name":"(anonymous_37)","decl":{"start":{"line":109,"column":8},"end":{"line":109,"column":24}},"loc":{"start":{"line":109,"column":37},"end":{"line":113,"column":null}}},"27":{"name":"(anonymous_39)","decl":{"start":{"line":110,"column":63},"end":{"line":110,"column":66}},"loc":{"start":{"line":111,"column":6},"end":{"line":111,"column":42}}},"28":{"name":"(anonymous_40)","decl":{"start":{"line":116,"column":8},"end":{"line":116,"column":22}},"loc":{"start":{"line":116,"column":22},"end":{"line":120,"column":null}}},"29":{"name":"(anonymous_42)","decl":{"start":{"line":117,"column":68},"end":{"line":117,"column":71}},"loc":{"start":{"line":118,"column":6},"end":{"line":118,"column":62}}},"30":{"name":"(anonymous_43)","decl":{"start":{"line":122,"column":8},"end":{"line":122,"column":19}},"loc":{"start":{"line":122,"column":19},"end":{"line":126,"column":null}}},"31":{"name":"(anonymous_45)","decl":{"start":{"line":123,"column":65},"end":{"line":123,"column":68}},"loc":{"start":{"line":124,"column":6},"end":{"line":124,"column":59}}},"32":{"name":"(anonymous_46)","decl":{"start":{"line":128,"column":8},"end":{"line":128,"column":20}},"loc":{"start":{"line":128,"column":20},"end":{"line":140,"column":null}}},"33":{"name":"(anonymous_48)","decl":{"start":{"line":135,"column":32},"end":{"line":135,"column":37}},"loc":{"start":{"line":135,"column":41},"end":{"line":135,"column":84}}},"34":{"name":"(anonymous_49)","decl":{"start":{"line":136,"column":29},"end":{"line":136,"column":34}},"loc":{"start":{"line":136,"column":38},"end":{"line":136,"column":78}}},"35":{"name":"(anonymous_50)","decl":{"start":{"line":142,"column":8},"end":{"line":142,"column":25}},"loc":{"start":{"line":142,"column":25},"end":{"line":149,"column":null}}},"36":{"name":"(anonymous_51)","decl":{"start":{"line":142,"column":26},"end":{"line":142,"column":41}},"loc":{"start":{"line":142,"column":96},"end":{"line":149,"column":3}}},"37":{"name":"(anonymous_52)","decl":{"start":{"line":143,"column":91},"end":{"line":143,"column":94}},"loc":{"start":{"line":144,"column":6},"end":{"line":147,"column":8}}},"38":{"name":"(anonymous_53)","decl":{"start":{"line":152,"column":8},"end":{"line":152,"column":19}},"loc":{"start":{"line":152,"column":19},"end":{"line":156,"column":null}}},"39":{"name":"(anonymous_54)","decl":{"start":{"line":152,"column":20},"end":{"line":152,"column":33}},"loc":{"start":{"line":152,"column":51},"end":{"line":156,"column":3}}},"40":{"name":"(anonymous_55)","decl":{"start":{"line":153,"column":158},"end":{"line":153,"column":161}},"loc":{"start":{"line":154,"column":6},"end":{"line":154,"column":148}}},"41":{"name":"(anonymous_56)","decl":{"start":{"line":159,"column":8},"end":{"line":159,"column":22}},"loc":{"start":{"line":159,"column":38},"end":{"line":163,"column":null}}},"42":{"name":"(anonymous_58)","decl":{"start":{"line":160,"column":75},"end":{"line":160,"column":78}},"loc":{"start":{"line":161,"column":6},"end":{"line":161,"column":65}}},"43":{"name":"(anonymous_59)","decl":{"start":{"line":165,"column":8},"end":{"line":165,"column":19}},"loc":{"start":{"line":165,"column":32},"end":{"line":169,"column":null}}},"44":{"name":"(anonymous_61)","decl":{"start":{"line":166,"column":69},"end":{"line":166,"column":72}},"loc":{"start":{"line":167,"column":6},"end":{"line":167,"column":59}}},"45":{"name":"(anonymous_62)","decl":{"start":{"line":171,"column":8},"end":{"line":171,"column":28}},"loc":{"start":{"line":171,"column":44},"end":{"line":175,"column":null}}},"46":{"name":"(anonymous_64)","decl":{"start":{"line":172,"column":93},"end":{"line":172,"column":96}},"loc":{"start":{"line":173,"column":6},"end":{"line":173,"column":84}}},"47":{"name":"(anonymous_65)","decl":{"start":{"line":177,"column":8},"end":{"line":177,"column":27}},"loc":{"start":{"line":177,"column":40},"end":{"line":181,"column":null}}},"48":{"name":"(anonymous_67)","decl":{"start":{"line":178,"column":86},"end":{"line":178,"column":89}},"loc":{"start":{"line":179,"column":6},"end":{"line":179,"column":77}}},"49":{"name":"(anonymous_68)","decl":{"start":{"line":184,"column":10},"end":{"line":184,"column":27}},"loc":{"start":{"line":184,"column":49},"end":{"line":189,"column":3}}},"50":{"name":"(anonymous_69)","decl":{"start":{"line":186,"column":6},"end":{"line":186,"column":7}},"loc":{"start":{"line":186,"column":62},"end":{"line":186,"column":114}}},"51":{"name":"(anonymous_70)","decl":{"start":{"line":190,"column":10},"end":{"line":190,"column":31}},"loc":{"start":{"line":190,"column":101},"end":{"line":204,"column":3}}},"52":{"name":"(anonymous_71)","decl":{"start":{"line":192,"column":6},"end":{"line":192,"column":7}},"loc":{"start":{"line":193,"column":8},"end":{"line":193,"column":41}}},"53":{"name":"(anonymous_72)","decl":{"start":{"line":198,"column":8},"end":{"line":198,"column":9}},"loc":{"start":{"line":198,"column":62},"end":{"line":198,"column":80}}},"54":{"name":"(anonymous_73)","decl":{"start":{"line":206,"column":10},"end":{"line":206,"column":32}},"loc":{"start":{"line":206,"column":99},"end":{"line":211,"column":3}}},"55":{"name":"(anonymous_74)","decl":{"start":{"line":208,"column":6},"end":{"line":208,"column":7}},"loc":{"start":{"line":208,"column":58},"end":{"line":208,"column":91}}},"56":{"name":"(anonymous_75)","decl":{"start":{"line":213,"column":16},"end":{"line":213,"column":29}},"loc":{"start":{"line":213,"column":75},"end":{"line":221,"column":null}}},"57":{"name":"(anonymous_77)","decl":{"start":{"line":219,"column":11},"end":{"line":219,"column":13}},"loc":{"start":{"line":219,"column":16},"end":{"line":219,"column":71}}},"58":{"name":"(anonymous_78)","decl":{"start":{"line":219,"column":39},"end":{"line":219,"column":44}},"loc":{"start":{"line":219,"column":48},"end":{"line":219,"column":63}}},"59":{"name":"(anonymous_79)","decl":{"start":{"line":220,"column":14},"end":{"line":220,"column":15}},"loc":{"start":{"line":220,"column":40},"end":{"line":220,"column":58}}},"60":{"name":"(anonymous_80)","decl":{"start":{"line":224,"column":8},"end":{"line":224,"column":31}},"loc":{"start":{"line":224,"column":59},"end":{"line":248,"column":null}}},"61":{"name":"(anonymous_82)","decl":{"start":{"line":231,"column":25},"end":{"line":231,"column":30}},"loc":{"start":{"line":231,"column":34},"end":{"line":231,"column":44}}},"62":{"name":"(anonymous_83)","decl":{"start":{"line":250,"column":8},"end":{"line":250,"column":42}},"loc":{"start":{"line":250,"column":72},"end":{"line":275,"column":null}}},"63":{"name":"(anonymous_85)","decl":{"start":{"line":277,"column":8},"end":{"line":277,"column":32}},"loc":{"start":{"line":277,"column":44},"end":{"line":301,"column":null}}},"64":{"name":"(anonymous_87)","decl":{"start":{"line":284,"column":26},"end":{"line":284,"column":27}},"loc":{"start":{"line":284,"column":42},"end":{"line":284,"column":52}}},"65":{"name":"(anonymous_88)","decl":{"start":{"line":303,"column":8},"end":{"line":303,"column":39}},"loc":{"start":{"line":303,"column":67},"end":{"line":326,"column":null}}},"66":{"name":"(anonymous_90)","decl":{"start":{"line":329,"column":8},"end":{"line":329,"column":25}},"loc":{"start":{"line":329,"column":37},"end":{"line":336,"column":null}}},"67":{"name":"(anonymous_92)","decl":{"start":{"line":332,"column":20},"end":{"line":332,"column":23}},"loc":{"start":{"line":332,"column":25},"end":{"line":335,"column":7}}},"68":{"name":"(anonymous_93)","decl":{"start":{"line":338,"column":2},"end":{"line":338,"column":13}},"loc":{"start":{"line":338,"column":56},"end":{"line":341,"column":3}}}},"branchMap":{"0":{"loc":{"start":{"line":33,"column":4},"end":{"line":35,"column":5}},"type":"if","locations":[{"start":{"line":33,"column":4},"end":{"line":35,"column":5}}]},"1":{"loc":{"start":{"line":37,"column":18},"end":{"line":37,"column":65}},"type":"binary-expr","locations":[{"start":{"line":37,"column":18},"end":{"line":37,"column":31}},{"start":{"line":37,"column":35},"end":{"line":37,"column":65}}]},"2":{"loc":{"start":{"line":41,"column":49},"end":{"line":41,"column":81}},"type":"default-arg","locations":[{"start":{"line":41,"column":79},"end":{"line":41,"column":81}}]},"3":{"loc":{"start":{"line":51,"column":6},"end":{"line":54,"column":7}},"type":"if","locations":[{"start":{"line":51,"column":6},"end":{"line":54,"column":7}}]},"4":{"loc":{"start":{"line":52,"column":41},"end":{"line":52,"column":78}},"type":"binary-expr","locations":[{"start":{"line":52,"column":41},"end":{"line":52,"column":61}},{"start":{"line":52,"column":65},"end":{"line":52,"column":78}}]},"5":{"loc":{"start":{"line":52,"column":41},"end":{"line":52,"column":61}},"type":"cond-expr","locations":[{"start":{"line":52,"column":55},"end":{"line":52,"column":57}},{"start":{"line":52,"column":55},"end":{"line":52,"column":61}}]},"6":{"loc":{"start":{"line":52,"column":41},"end":{"line":52,"column":57}},"type":"binary-expr","locations":[{"start":{"line":52,"column":41},"end":{"line":52,"column":57}},{"start":{"line":52,"column":55},"end":{"line":52,"column":57}}]},"7":{"loc":{"start":{"line":60,"column":25},"end":{"line":60,"column":41}},"type":"default-arg","locations":[{"start":{"line":60,"column":40},"end":{"line":60,"column":41}}]},"8":{"loc":{"start":{"line":66,"column":26},"end":{"line":66,"column":42}},"type":"default-arg","locations":[{"start":{"line":66,"column":41},"end":{"line":66,"column":42}}]},"9":{"loc":{"start":{"line":72,"column":26},"end":{"line":72,"column":42}},"type":"default-arg","locations":[{"start":{"line":72,"column":41},"end":{"line":72,"column":42}}]},"10":{"loc":{"start":{"line":84,"column":36},"end":{"line":84,"column":52}},"type":"default-arg","locations":[{"start":{"line":84,"column":51},"end":{"line":84,"column":52}}]},"11":{"loc":{"start":{"line":90,"column":42},"end":{"line":90,"column":58}},"type":"default-arg","locations":[{"start":{"line":90,"column":57},"end":{"line":90,"column":58}}]},"12":{"loc":{"start":{"line":97,"column":26},"end":{"line":97,"column":42}},"type":"default-arg","locations":[{"start":{"line":97,"column":41},"end":{"line":97,"column":42}}]},"13":{"loc":{"start":{"line":103,"column":27},"end":{"line":103,"column":43}},"type":"default-arg","locations":[{"start":{"line":103,"column":42},"end":{"line":103,"column":43}}]},"14":{"loc":{"start":{"line":142,"column":43},"end":{"line":142,"column":78}},"type":"default-arg","locations":[{"start":{"line":142,"column":71},"end":{"line":142,"column":78}}]},"15":{"loc":{"start":{"line":142,"column":80},"end":{"line":142,"column":96}},"type":"default-arg","locations":[{"start":{"line":142,"column":95},"end":{"line":142,"column":96}}]},"16":{"loc":{"start":{"line":152,"column":35},"end":{"line":152,"column":51}},"type":"default-arg","locations":[{"start":{"line":152,"column":50},"end":{"line":152,"column":51}}]},"17":{"loc":{"start":{"line":186,"column":62},"end":{"line":186,"column":114}},"type":"binary-expr","locations":[{"start":{"line":186,"column":62},"end":{"line":186,"column":86}},{"start":{"line":186,"column":90},"end":{"line":186,"column":114}}]},"18":{"loc":{"start":{"line":188,"column":11},"end":{"line":188,"column":76}},"type":"cond-expr","locations":[{"start":{"line":188,"column":21},"end":{"line":188,"column":69}},{"start":{"line":188,"column":72},"end":{"line":188,"column":76}}]},"19":{"loc":{"start":{"line":190,"column":75},"end":{"line":190,"column":101}},"type":"default-arg","locations":[{"start":{"line":190,"column":97},"end":{"line":190,"column":101}}]},"20":{"loc":{"start":{"line":196,"column":4},"end":{"line":201,"column":5}},"type":"if","locations":[{"start":{"line":196,"column":4},"end":{"line":201,"column":5}}]},"21":{"loc":{"start":{"line":196,"column":8},"end":{"line":196,"column":65}},"type":"binary-expr","locations":[{"start":{"line":196,"column":8},"end":{"line":196,"column":22}},{"start":{"line":196,"column":26},"end":{"line":196,"column":65}}]},"22":{"loc":{"start":{"line":197,"column":32},"end":{"line":199,"column":42}},"type":"binary-expr","locations":[{"start":{"line":197,"column":32},"end":{"line":198,"column":null}},{"start":{"line":199,"column":11},"end":{"line":199,"column":42}}]},"23":{"loc":{"start":{"line":200,"column":13},"end":{"line":200,"column":52}},"type":"binary-expr","locations":[{"start":{"line":200,"column":13},"end":{"line":200,"column":44}},{"start":{"line":200,"column":48},"end":{"line":200,"column":52}}]},"24":{"loc":{"start":{"line":206,"column":73},"end":{"line":206,"column":99}},"type":"default-arg","locations":[{"start":{"line":206,"column":95},"end":{"line":206,"column":99}}]},"25":{"loc":{"start":{"line":210,"column":11},"end":{"line":210,"column":54}},"type":"cond-expr","locations":[{"start":{"line":210,"column":27},"end":{"line":210,"column":47}},{"start":{"line":210,"column":50},"end":{"line":210,"column":54}}]},"26":{"loc":{"start":{"line":214,"column":22},"end":{"line":216,"column":32}},"type":"cond-expr","locations":[{"start":{"line":215,"column":8},"end":{"line":215,"column":35}},{"start":{"line":216,"column":8},"end":{"line":216,"column":32}}]},"27":{"loc":{"start":{"line":219,"column":17},"end":{"line":219,"column":70}},"type":"cond-expr","locations":[{"start":{"line":219,"column":64},"end":{"line":219,"column":66}},{"start":{"line":219,"column":64},"end":{"line":219,"column":70}}]},"28":{"loc":{"start":{"line":219,"column":17},"end":{"line":219,"column":66}},"type":"binary-expr","locations":[{"start":{"line":219,"column":17},"end":{"line":219,"column":66}},{"start":{"line":219,"column":64},"end":{"line":219,"column":66}}]},"29":{"loc":{"start":{"line":230,"column":23},"end":{"line":234,"column":12}},"type":"cond-expr","locations":[{"start":{"line":231,"column":8},"end":{"line":231,"column":45}},{"start":{"line":232,"column":8},"end":{"line":234,"column":12}}]},"30":{"loc":{"start":{"line":230,"column":23},"end":{"line":230,"column":56}},"type":"binary-expr","locations":[{"start":{"line":230,"column":23},"end":{"line":230,"column":40}},{"start":{"line":230,"column":44},"end":{"line":230,"column":56}}]},"31":{"loc":{"start":{"line":232,"column":8},"end":{"line":234,"column":12}},"type":"cond-expr","locations":[{"start":{"line":233,"column":10},"end":{"line":233,"column":60}},{"start":{"line":234,"column":10},"end":{"line":234,"column":12}}]},"32":{"loc":{"start":{"line":244,"column":15},"end":{"line":244,"column":56}},"type":"cond-expr","locations":[{"start":{"line":244,"column":36},"end":{"line":244,"column":49}},{"start":{"line":244,"column":52},"end":{"line":244,"column":56}}]},"33":{"loc":{"start":{"line":256,"column":23},"end":{"line":258,"column":10}},"type":"cond-expr","locations":[{"start":{"line":257,"column":8},"end":{"line":257,"column":58}},{"start":{"line":258,"column":8},"end":{"line":258,"column":10}}]},"34":{"loc":{"start":{"line":271,"column":15},"end":{"line":271,"column":43}},"type":"binary-expr","locations":[{"start":{"line":271,"column":15},"end":{"line":271,"column":35}},{"start":{"line":271,"column":39},"end":{"line":271,"column":43}}]},"35":{"loc":{"start":{"line":283,"column":23},"end":{"line":287,"column":12}},"type":"cond-expr","locations":[{"start":{"line":284,"column":8},"end":{"line":284,"column":53}},{"start":{"line":285,"column":8},"end":{"line":287,"column":12}}]},"36":{"loc":{"start":{"line":285,"column":8},"end":{"line":287,"column":12}},"type":"cond-expr","locations":[{"start":{"line":286,"column":10},"end":{"line":286,"column":58}},{"start":{"line":287,"column":10},"end":{"line":287,"column":12}}]},"37":{"loc":{"start":{"line":291,"column":13},"end":{"line":291,"column":48}},"type":"binary-expr","locations":[{"start":{"line":291,"column":13},"end":{"line":291,"column":24}},{"start":{"line":291,"column":28},"end":{"line":291,"column":48}}]},"38":{"loc":{"start":{"line":297,"column":15},"end":{"line":297,"column":74}},"type":"cond-expr","locations":[{"start":{"line":297,"column":41},"end":{"line":297,"column":67}},{"start":{"line":297,"column":70},"end":{"line":297,"column":74}}]},"39":{"loc":{"start":{"line":298,"column":15},"end":{"line":298,"column":47}},"type":"binary-expr","locations":[{"start":{"line":298,"column":15},"end":{"line":298,"column":39}},{"start":{"line":298,"column":43},"end":{"line":298,"column":47}}]},"40":{"loc":{"start":{"line":310,"column":23},"end":{"line":312,"column":10}},"type":"cond-expr","locations":[{"start":{"line":311,"column":8},"end":{"line":311,"column":56}},{"start":{"line":312,"column":8},"end":{"line":312,"column":10}}]},"41":{"loc":{"start":{"line":322,"column":15},"end":{"line":322,"column":80}},"type":"cond-expr","locations":[{"start":{"line":322,"column":44},"end":{"line":322,"column":73}},{"start":{"line":322,"column":76},"end":{"line":322,"column":80}}]},"42":{"loc":{"start":{"line":323,"column":15},"end":{"line":323,"column":50}},"type":"binary-expr","locations":[{"start":{"line":323,"column":15},"end":{"line":323,"column":42}},{"start":{"line":323,"column":46},"end":{"line":323,"column":50}}]},"43":{"loc":{"start":{"line":338,"column":35},"end":{"line":338,"column":56}},"type":"default-arg","locations":[{"start":{"line":338,"column":50},"end":{"line":338,"column":56}}]},"44":{"loc":{"start":{"line":339,"column":4},"end":{"line":339,"column":27}},"type":"if","locations":[{"start":{"line":339,"column":4},"end":{"line":339,"column":27}}]}},"s":{"0":1,"1":1,"2":1,"3":1,"4":1,"5":1,"6":1,"7":1,"8":1,"9":1,"10":15,"11":0,"12":15,"13":15,"14":10,"15":10,"16":10,"17":9,"18":1,"19":0,"20":0,"21":1,"22":2,"23":2,"24":2,"25":0,"26":0,"27":0,"28":0,"29":0,"30":0,"31":1,"32":1,"33":1,"34":1,"35":1,"36":0,"37":0,"38":0,"39":0,"40":0,"41":0,"42":0,"43":0,"44":0,"45":0,"46":0,"47":2,"48":2,"49":1,"50":1,"51":1,"52":1,"53":1,"54":1,"55":1,"56":2,"57":2,"58":2,"59":1,"60":1,"61":1,"62":0,"63":0,"64":0,"65":0,"66":0,"67":0,"68":0,"69":0,"70":1,"71":1,"72":1,"73":1,"74":1,"75":1,"76":1,"77":1,"78":1,"79":0,"80":0,"81":0,"82":0,"83":1,"84":1,"85":2,"86":3,"87":2,"88":1,"89":1,"90":0,"91":1,"92":0,"93":0,"94":0,"95":0,"96":0,"97":0,"98":0,"99":0,"100":0,"101":0,"102":0,"103":0,"104":0,"105":0,"106":5,"107":1,"108":4,"109":1,"110":1},"f":{"0":15,"1":10,"2":10,"3":2,"4":2,"5":2,"6":0,"7":0,"8":0,"9":0,"10":0,"11":0,"12":1,"13":1,"14":1,"15":1,"16":1,"17":0,"18":0,"19":0,"20":0,"21":0,"22":0,"23":0,"24":0,"25":0,"26":0,"27":0,"28":2,"29":2,"30":1,"31":1,"32":1,"33":1,"34":1,"35":2,"36":2,"37":2,"38":1,"39":1,"40":1,"41":0,"42":0,"43":0,"44":0,"45":0,"46":0,"47":0,"48":0,"49":1,"50":1,"51":1,"52":1,"53":1,"54":0,"55":0,"56":1,"57":2,"58":3,"59":2,"60":1,"61":0,"62":0,"63":0,"64":0,"65":0,"66":0,"67":0,"68":5},"b":{"0":[0],"1":[15,0],"2":[4],"3":[0],"4":[0,0],"5":[0,0],"6":[0,0],"7":[1],"8":[0],"9":[0],"10":[1],"11":[0],"12":[0],"13":[0],"14":[0],"15":[1],"16":[1],"17":[1,1],"18":[1,0],"19":[1],"20":[1],"21":[1,1],"22":[1,0],"23":[1,0],"24":[0],"25":[0,0],"26":[1,0],"27":[0,2],"28":[2,2],"29":[0,1],"30":[1,0],"31":[1,0],"32":[0,1],"33":[0,0],"34":[0,0],"35":[0,0],"36":[0,0],"37":[0,0],"38":[0,0],"39":[0,0],"40":[0,0],"41":[0,0],"42":[0,0],"43":[4],"44":[1]}}
,"C:\\Programming\\netflix-clone\\netflix-clone\\netflix-clone\\movie-service\\src\\utils\\handle-error-request.ts": {"path":"C:\\Programming\\netflix-clone\\netflix-clone\\netflix-clone\\movie-service\\src\\utils\\handle-error-request.ts","statementMap":{"0":{"start":{"line":3,"column":0},"end":{"line":3,"column":16}},"1":{"start":{"line":4,"column":4},"end":{"line":6,"column":5}},"2":{"start":{"line":5,"column":8},"end":{"line":5,"column":null}},"3":{"start":{"line":7,"column":4},"end":{"line":7,"column":null}}},"fnMap":{"0":{"name":"handleError","decl":{"start":{"line":3,"column":16},"end":{"line":3,"column":27}},"loc":{"start":{"line":3,"column":58},"end":{"line":8,"column":1}}}},"branchMap":{"0":{"loc":{"start":{"line":4,"column":4},"end":{"line":6,"column":5}},"type":"if","locations":[{"start":{"line":4,"column":4},"end":{"line":6,"column":5}}]}},"s":{"0":2,"1":0,"2":0,"3":0},"f":{"0":0},"b":{"0":[0]}}
,"C:\\Programming\\netflix-clone\\netflix-clone\\netflix-clone\\movie-service\\src\\utils\\redis.cache.ts": {"path":"C:\\Programming\\netflix-clone\\netflix-clone\\netflix-clone\\movie-service\\src\\utils\\redis.cache.ts","statementMap":{"0":{"start":{"line":1,"column":0},"end":{"line":1,"column":53}},"1":{"start":{"line":3,"column":35},"end":{"line":6,"column":2}},"2":{"start":{"line":8,"column":27},"end":{"line":14,"column":4}},"3":{"start":{"line":8,"column":38},"end":{"line":14,"column":4}},"4":{"start":{"line":9,"column":4},"end":{"line":13,"column":5}},"5":{"start":{"line":10,"column":6},"end":{"line":10,"column":34}},"6":{"start":{"line":12,"column":6},"end":{"line":12,"column":55}},"7":{"start":{"line":15,"column":27},"end":{"line":33,"column":1}},"8":{"start":{"line":16,"column":4},"end":{"line":32,"column":null}},"9":{"start":{"line":16,"column":46},"end":{"line":32,"column":6}},"10":{"start":{"line":17,"column":8},"end":{"line":31,"column":9}},"11":{"start":{"line":18,"column":12},"end":{"line":20,"column":13}},"12":{"start":{"line":19,"column":16},"end":{"line":19,"column":43}},"13":{"start":{"line":21,"column":32},"end":{"line":21,"column":58}},"14":{"start":{"line":22,"column":12},"end":{"line":24,"column":13}},"15":{"start":{"line":23,"column":16},"end":{"line":23,"column":52}},"16":{"start":{"line":25,"column":30},"end":{"line":25,"column":40}},"17":{"start":{"line":26,"column":12},"end":{"line":26,"column":75}},"18":{"start":{"line":27,"column":12},"end":{"line":27,"column":33}},"19":{"start":{"line":29,"column":12},"end":{"line":29,"column":57}},"20":{"start":{"line":30,"column":12},"end":{"line":30,"column":24}},"21":{"start":{"line":15,"column":13},"end":{"line":15,"column":27}}},"fnMap":{"0":{"name":"(anonymous_7)","decl":{"start":{"line":8,"column":27},"end":{"line":8,"column":36}},"loc":{"start":{"line":8,"column":38},"end":{"line":14,"column":4}}},"1":{"name":"(anonymous_8)","decl":{"start":{"line":8,"column":38},"end":{"line":8,"column":null}},"loc":{"start":{"line":8,"column":38},"end":{"line":14,"column":3}}},"2":{"name":"(anonymous_9)","decl":{"start":{"line":15,"column":27},"end":{"line":15,"column":28}},"loc":{"start":{"line":15,"column":66},"end":{"line":33,"column":1}}},"3":{"name":"(anonymous_10)","decl":{"start":{"line":16,"column":23},"end":{"line":16,"column":29}},"loc":{"start":{"line":16,"column":46},"end":{"line":32,"column":6}}},"4":{"name":"(anonymous_11)","decl":{"start":{"line":16,"column":46},"end":{"line":16,"column":null}},"loc":{"start":{"line":16,"column":46},"end":{"line":32,"column":5}}}},"branchMap":{"0":{"loc":{"start":{"line":4,"column":8},"end":{"line":4,"column":51}},"type":"binary-expr","locations":[{"start":{"line":4,"column":8},"end":{"line":4,"column":29}},{"start":{"line":4,"column":31},"end":{"line":4,"column":51}}]},"1":{"loc":{"start":{"line":18,"column":12},"end":{"line":20,"column":13}},"type":"if","locations":[{"start":{"line":18,"column":12},"end":{"line":20,"column":13}}]},"2":{"loc":{"start":{"line":22,"column":12},"end":{"line":24,"column":13}},"type":"if","locations":[{"start":{"line":22,"column":12},"end":{"line":24,"column":13}}]}},"s":{"0":1,"1":1,"2":1,"3":0,"4":0,"5":0,"6":0,"7":1,"8":0,"9":0,"10":0,"11":0,"12":0,"13":0,"14":0,"15":0,"16":0,"17":0,"18":0,"19":0,"20":0,"21":1},"f":{"0":0,"1":0,"2":0,"3":0,"4":0},"b":{"0":[1,0],"1":[0],"2":[0]}}
,"C:\\Programming\\netflix-clone\\netflix-clone\\netflix-clone\\movie-service\\src\\utils\\sideFunctionLogic.ts": {"path":"C:\\Programming\\netflix-clone\\netflix-clone\\netflix-clone\\movie-service\\src\\utils\\sideFunctionLogic.ts","statementMap":{"0":{"start":{"line":11,"column":0},"end":{"line":11,"column":46}},"1":{"start":{"line":13,"column":31},"end":{"line":21,"column":null}},"2":{"start":{"line":13,"column":76},"end":{"line":21,"column":null}},"3":{"start":{"line":14,"column":0},"end":{"line":20,"column":1}},"4":{"start":{"line":15,"column":15},"end":{"line":15,"column":42}},"5":{"start":{"line":16,"column":4},"end":{"line":16,"column":16}},"6":{"start":{"line":18,"column":4},"end":{"line":18,"column":53}},"7":{"start":{"line":19,"column":4},"end":{"line":19,"column":14}},"8":{"start":{"line":13,"column":13},"end":{"line":13,"column":31}}},"fnMap":{"0":{"name":"(anonymous_7)","decl":{"start":{"line":13,"column":31},"end":{"line":13,"column":40}},"loc":{"start":{"line":13,"column":76},"end":{"line":21,"column":null}}},"1":{"name":"(anonymous_8)","decl":{"start":{"line":13,"column":76},"end":{"line":13,"column":null}},"loc":{"start":{"line":13,"column":76},"end":{"line":21,"column":1}}}},"branchMap":{},"s":{"0":1,"1":1,"2":0,"3":0,"4":0,"5":0,"6":0,"7":0,"8":1},"f":{"0":0,"1":0},"b":{}}
}
