TN:
SF:src\tokens.ts
FNF:0
FNH:0
DA:2,2
LF:1
LH:1
BRF:0
BRH:0
end_of_record
TN:
SF:src\controllers\genre.controller.ts
FN:10,(anonymous_11)
FN:13,(anonymous_12)
FN:23,(anonymous_14)
FN:33,(anonymous_16)
FN:43,(anonymous_18)
FN:57,(anonymous_20)
FNF:6
FNH:6
FNDA:6,(anonymous_11)
FNDA:1,(anonymous_12)
FNDA:1,(anonymous_14)
FNDA:1,(anonymous_16)
FNDA:3,(anonymous_18)
FNDA:1,(anonymous_20)
DA:3,1
DA:4,1
DA:6,1
DA:9,1
DA:10,6
DA:14,1
DA:15,1
DA:16,1
DA:18,0
DA:24,1
DA:25,1
DA:26,1
DA:28,0
DA:34,1
DA:35,1
DA:36,1
DA:38,0
DA:44,3
DA:45,3
DA:46,3
DA:47,1
DA:48,1
DA:52,2
DA:53,2
DA:55,2
DA:57,2
DA:63,2
DA:72,0
LF:28
LH:24
BRDA:46,0,0,1
BRDA:52,1,0,2
BRDA:52,1,1,1
BRDA:53,2,0,2
BRDA:53,2,1,1
BRF:5
BRH:5
end_of_record
TN:
SF:src\controllers\movie.controller.ts
FN:13,(anonymous_11)
FN:16,(anonymous_12)
FN:22,(anonymous_14)
FN:38,(anonymous_15)
FN:44,(anonymous_17)
FN:60,(anonymous_18)
FN:66,(anonymous_20)
FN:83,(anonymous_21)
FN:112,(anonymous_23)
FN:124,(anonymous_25)
FN:140,(anonymous_26)
FN:152,(anonymous_28)
FN:168,(anonymous_29)
FN:180,(anonymous_31)
FN:181,(anonymous_32)
FN:181,(anonymous_33)
FN:191,(anonymous_34)
FN:207,(anonymous_35)
FN:209,(anonymous_36)
FN:214,(anonymous_37)
FN:216,(anonymous_38)
FN:221,(anonymous_39)
FNF:22
FNH:16
FNDA:7,(anonymous_11)
FNDA:2,(anonymous_12)
FNDA:1,(anonymous_14)
FNDA:0,(anonymous_15)
FNDA:0,(anonymous_17)
FNDA:0,(anonymous_18)
FNDA:0,(anonymous_20)
FNDA:2,(anonymous_21)
FNDA:0,(anonymous_23)
FNDA:0,(anonymous_25)
FNDA:2,(anonymous_26)
FNDA:1,(anonymous_28)
FNDA:1,(anonymous_29)
FNDA:3,(anonymous_31)
FNDA:2,(anonymous_32)
FNDA:2,(anonymous_33)
FNDA:2,(anonymous_34)
FNDA:1,(anonymous_35)
FNDA:1,(anonymous_36)
FNDA:1,(anonymous_37)
FNDA:1,(anonymous_38)
FNDA:1,(anonymous_39)
DA:3,1
DA:4,1
DA:6,1
DA:12,1
DA:13,7
DA:17,2
DA:18,2
DA:19,2
DA:21,2
DA:22,1
DA:25,2
DA:32,2
DA:34,0
DA:39,0
DA:40,0
DA:41,0
DA:43,0
DA:44,0
DA:47,0
DA:54,0
DA:56,0
DA:61,0
DA:62,0
DA:63,0
DA:65,0
DA:66,0
DA:69,0
DA:76,0
DA:78,0
DA:84,2
DA:85,2
DA:86,2
DA:87,1
DA:88,1
DA:91,1
DA:93,1
DA:98,1
DA:106,1
DA:108,0
DA:113,0
DA:114,0
DA:115,0
DA:116,0
DA:117,0
DA:120,0
DA:121,0
DA:123,0
DA:124,0
DA:127,0
DA:134,0
DA:136,0
DA:141,2
DA:142,2
DA:143,2
DA:144,1
DA:145,1
DA:148,1
DA:149,1
DA:151,1
DA:152,1
DA:155,1
DA:162,1
DA:164,0
DA:169,1
DA:170,1
DA:171,1
DA:172,0
DA:173,0
DA:176,1
DA:177,1
DA:179,1
DA:180,3
DA:181,2
DA:182,2
DA:183,1
DA:184,1
DA:185,1
DA:187,0
DA:190,1
DA:191,2
DA:193,1
DA:200,1
DA:202,0
DA:208,1
DA:209,1
DA:211,1
DA:215,1
DA:216,1
DA:219,1
DA:220,1
DA:221,1
DA:223,1
DA:226,0
LF:93
LH:57
BRDA:18,0,0,2
BRDA:18,0,1,1
BRDA:40,1,0,0
BRDA:40,1,1,0
BRDA:62,2,0,0
BRDA:62,2,1,0
BRDA:86,3,0,1
BRDA:115,4,0,0
BRDA:120,5,0,0
BRDA:120,5,1,0
BRDA:143,6,0,1
BRDA:148,7,0,1
BRDA:148,7,1,0
BRDA:171,8,0,0
BRDA:176,9,0,1
BRDA:176,9,1,1
BRDA:180,10,0,3
BRDA:180,10,1,2
BRDA:182,11,0,1
BRDA:182,11,1,1
BRDA:184,12,0,1
BRDA:209,13,0,1
BRDA:209,13,1,1
BRDA:211,14,0,1
BRDA:211,14,1,0
BRDA:214,15,0,1
BRDA:219,16,0,1
BRDA:219,17,0,1
BRDA:219,17,1,1
BRDA:220,18,0,1
BRDA:220,18,1,0
BRDA:223,19,0,1
BRDA:223,19,1,0
BRF:33
BRH:21
end_of_record
TN:
SF:src\services\tmdb.service.ts
FN:32,(anonymous_10)
FN:41,(anonymous_11)
FN:41,(anonymous_12)
FN:60,(anonymous_13)
FN:60,(anonymous_14)
FN:61,(anonymous_15)
FN:66,(anonymous_16)
FN:66,(anonymous_17)
FN:67,(anonymous_18)
FN:72,(anonymous_19)
FN:72,(anonymous_20)
FN:73,(anonymous_21)
FN:78,(anonymous_22)
FN:79,(anonymous_24)
FN:84,(anonymous_25)
FN:84,(anonymous_26)
FN:85,(anonymous_27)
FN:90,(anonymous_28)
FN:90,(anonymous_29)
FN:91,(anonymous_30)
FN:97,(anonymous_31)
FN:97,(anonymous_32)
FN:98,(anonymous_33)
FN:103,(anonymous_34)
FN:103,(anonymous_35)
FN:104,(anonymous_36)
FN:109,(anonymous_37)
FN:110,(anonymous_39)
FN:116,(anonymous_40)
FN:117,(anonymous_42)
FN:122,(anonymous_43)
FN:123,(anonymous_45)
FN:128,(anonymous_46)
FN:135,(anonymous_48)
FN:136,(anonymous_49)
FN:142,(anonymous_50)
FN:142,(anonymous_51)
FN:143,(anonymous_52)
FN:152,(anonymous_53)
FN:152,(anonymous_54)
FN:153,(anonymous_55)
FN:159,(anonymous_56)
FN:160,(anonymous_58)
FN:165,(anonymous_59)
FN:166,(anonymous_61)
FN:171,(anonymous_62)
FN:172,(anonymous_64)
FN:177,(anonymous_65)
FN:178,(anonymous_67)
FN:184,(anonymous_68)
FN:186,(anonymous_69)
FN:190,(anonymous_70)
FN:192,(anonymous_71)
FN:198,(anonymous_72)
FN:206,(anonymous_73)
FN:208,(anonymous_74)
FN:213,(anonymous_75)
FN:219,(anonymous_77)
FN:219,(anonymous_78)
FN:220,(anonymous_79)
FN:224,(anonymous_80)
FN:231,(anonymous_82)
FN:250,(anonymous_83)
FN:277,(anonymous_85)
FN:284,(anonymous_87)
FN:303,(anonymous_88)
FN:329,(anonymous_90)
FN:332,(anonymous_92)
FN:338,(anonymous_93)
FNF:69
FNH:35
FNDA:15,(anonymous_10)
FNDA:10,(anonymous_11)
FNDA:10,(anonymous_12)
FNDA:2,(anonymous_13)
FNDA:2,(anonymous_14)
FNDA:2,(anonymous_15)
FNDA:0,(anonymous_16)
FNDA:0,(anonymous_17)
FNDA:0,(anonymous_18)
FNDA:0,(anonymous_19)
FNDA:0,(anonymous_20)
FNDA:0,(anonymous_21)
FNDA:1,(anonymous_22)
FNDA:1,(anonymous_24)
FNDA:1,(anonymous_25)
FNDA:1,(anonymous_26)
FNDA:1,(anonymous_27)
FNDA:0,(anonymous_28)
FNDA:0,(anonymous_29)
FNDA:0,(anonymous_30)
FNDA:0,(anonymous_31)
FNDA:0,(anonymous_32)
FNDA:0,(anonymous_33)
FNDA:0,(anonymous_34)
FNDA:0,(anonymous_35)
FNDA:0,(anonymous_36)
FNDA:0,(anonymous_37)
FNDA:0,(anonymous_39)
FNDA:2,(anonymous_40)
FNDA:2,(anonymous_42)
FNDA:1,(anonymous_43)
FNDA:1,(anonymous_45)
FNDA:1,(anonymous_46)
FNDA:1,(anonymous_48)
FNDA:1,(anonymous_49)
FNDA:2,(anonymous_50)
FNDA:2,(anonymous_51)
FNDA:2,(anonymous_52)
FNDA:1,(anonymous_53)
FNDA:1,(anonymous_54)
FNDA:1,(anonymous_55)
FNDA:0,(anonymous_56)
FNDA:0,(anonymous_58)
FNDA:0,(anonymous_59)
FNDA:0,(anonymous_61)
FNDA:0,(anonymous_62)
FNDA:0,(anonymous_64)
FNDA:0,(anonymous_65)
FNDA:0,(anonymous_67)
FNDA:1,(anonymous_68)
FNDA:1,(anonymous_69)
FNDA:1,(anonymous_70)
FNDA:1,(anonymous_71)
FNDA:1,(anonymous_72)
FNDA:0,(anonymous_73)
FNDA:0,(anonymous_74)
FNDA:1,(anonymous_75)
FNDA:2,(anonymous_77)
FNDA:3,(anonymous_78)
FNDA:2,(anonymous_79)
FNDA:1,(anonymous_80)
FNDA:0,(anonymous_82)
FNDA:0,(anonymous_83)
FNDA:0,(anonymous_85)
FNDA:0,(anonymous_87)
FNDA:0,(anonymous_88)
FNDA:0,(anonymous_90)
FNDA:0,(anonymous_92)
FNDA:5,(anonymous_93)
DA:2,1
DA:3,1
DA:4,1
DA:17,1
DA:18,1
DA:19,1
DA:22,1
DA:24,1
DA:25,1
DA:28,1
DA:33,15
DA:34,0
DA:37,15
DA:38,15
DA:41,10
DA:42,10
DA:43,10
DA:49,9
DA:51,1
DA:52,0
DA:53,0
DA:55,1
DA:60,2
DA:61,2
DA:62,2
DA:66,0
DA:67,0
DA:68,0
DA:72,0
DA:73,0
DA:74,0
DA:79,1
DA:80,1
DA:84,1
DA:85,1
DA:86,1
DA:90,0
DA:91,0
DA:92,0
DA:97,0
DA:98,0
DA:99,0
DA:103,0
DA:104,0
DA:105,0
DA:110,0
DA:111,0
DA:117,2
DA:118,2
DA:123,1
DA:124,1
DA:129,1
DA:134,1
DA:135,1
DA:136,1
DA:139,1
DA:142,2
DA:143,2
DA:144,2
DA:152,1
DA:153,1
DA:154,1
DA:160,0
DA:161,0
DA:166,0
DA:167,0
DA:172,0
DA:173,0
DA:178,0
DA:179,0
DA:185,1
DA:186,1
DA:188,1
DA:191,1
DA:193,1
DA:196,1
DA:197,1
DA:198,1
DA:200,1
DA:203,0
DA:207,0
DA:208,0
DA:210,0
DA:214,1
DA:218,1
DA:219,3
DA:220,2
DA:225,1
DA:230,1
DA:231,0
DA:236,1
DA:251,0
DA:256,0
DA:261,0
DA:263,0
DA:278,0
DA:283,0
DA:284,0
DA:289,0
DA:304,0
DA:310,0
DA:314,0
DA:330,0
DA:333,0
DA:334,0
DA:339,5
DA:340,4
LF:107
LH:60
BRDA:33,0,0,0
BRDA:37,1,0,15
BRDA:37,1,1,0
BRDA:41,2,0,4
BRDA:51,3,0,0
BRDA:52,4,0,0
BRDA:52,4,1,0
BRDA:52,5,0,0
BRDA:52,5,1,0
BRDA:52,6,0,0
BRDA:52,6,1,0
BRDA:60,7,0,1
BRDA:66,8,0,0
BRDA:72,9,0,0
BRDA:84,10,0,1
BRDA:90,11,0,0
BRDA:97,12,0,0
BRDA:103,13,0,0
BRDA:142,14,0,0
BRDA:142,15,0,1
BRDA:152,16,0,1
BRDA:186,17,0,1
BRDA:186,17,1,1
BRDA:188,18,0,1
BRDA:188,18,1,0
BRDA:190,19,0,1
BRDA:196,20,0,1
BRDA:196,21,0,1
BRDA:196,21,1,1
BRDA:197,22,0,1
BRDA:197,22,1,0
BRDA:200,23,0,1
BRDA:200,23,1,0
BRDA:206,24,0,0
BRDA:210,25,0,0
BRDA:210,25,1,0
BRDA:214,26,0,1
BRDA:214,26,1,0
BRDA:219,27,0,0
BRDA:219,27,1,2
BRDA:219,28,0,2
BRDA:219,28,1,2
BRDA:230,29,0,0
BRDA:230,29,1,1
BRDA:230,30,0,1
BRDA:230,30,1,0
BRDA:232,31,0,1
BRDA:232,31,1,0
BRDA:244,32,0,0
BRDA:244,32,1,1
BRDA:256,33,0,0
BRDA:256,33,1,0
BRDA:271,34,0,0
BRDA:271,34,1,0
BRDA:283,35,0,0
BRDA:283,35,1,0
BRDA:285,36,0,0
BRDA:285,36,1,0
BRDA:291,37,0,0
BRDA:291,37,1,0
BRDA:297,38,0,0
BRDA:297,38,1,0
BRDA:298,39,0,0
BRDA:298,39,1,0
BRDA:310,40,0,0
BRDA:310,40,1,0
BRDA:322,41,0,0
BRDA:322,41,1,0
BRDA:323,42,0,0
BRDA:323,42,1,0
BRDA:338,43,0,4
BRDA:339,44,0,1
BRF:72
BRH:25
end_of_record
TN:
SF:src\utils\handle-error-request.ts
FN:3,handleError
FNF:1
FNH:0
FNDA:0,handleError
DA:3,2
DA:4,0
DA:5,0
DA:7,0
LF:4
LH:1
BRDA:4,0,0,0
BRF:1
BRH:0
end_of_record
TN:
SF:src\utils\redis.cache.ts
FN:8,(anonymous_7)
FN:8,(anonymous_8)
FN:15,(anonymous_9)
FN:16,(anonymous_10)
FN:16,(anonymous_11)
FNF:5
FNH:0
FNDA:0,(anonymous_7)
FNDA:0,(anonymous_8)
FNDA:0,(anonymous_9)
FNDA:0,(anonymous_10)
FNDA:0,(anonymous_11)
DA:1,1
DA:3,1
DA:8,1
DA:9,0
DA:10,0
DA:12,0
DA:15,1
DA:16,0
DA:17,0
DA:18,0
DA:19,0
DA:21,0
DA:22,0
DA:23,0
DA:25,0
DA:26,0
DA:27,0
DA:29,0
DA:30,0
LF:19
LH:4
BRDA:4,0,0,1
BRDA:4,0,1,0
BRDA:18,1,0,0
BRDA:22,2,0,0
BRF:4
BRH:1
end_of_record
TN:
SF:src\utils\sideFunctionLogic.ts
FN:13,(anonymous_7)
FN:13,(anonymous_8)
FNF:2
FNH:0
FNDA:0,(anonymous_7)
FNDA:0,(anonymous_8)
DA:11,1
DA:13,1
DA:14,0
DA:15,0
DA:16,0
DA:18,0
DA:19,0
LF:7
LH:2
BRF:0
BRH:0
end_of_record
